<?xml version="1.0" encoding="UTF-8"?>
<!-- Generated by org.testng.reporters.JUnitReportReporter -->
<testsuite hostname="LAPTOP-5738PF4F" failures="0" tests="6" name="TestNG.TestNGClass_Facebook_2" time="24.526" errors="0" timestamp="2023-02-14T23:01:38 IST" skipped="0">
  <testcase classname="TestNG.TestNGClass_Facebook_2" name="privacyPolicyPageOpen" time="3.055"/>
  <system-out/>
  <testcase classname="TestNG.TestNGClass_Facebook_2" name="privacyPolicyPageOpen" time="2.592"/>
  <system-out/>
  <testcase classname="TestNG.TestNGClass_Facebook_2" name="cookiesPolicyPageOpen" time="3.970"/>
  <system-out/>
  <testcase classname="TestNG.TestNGClass_Facebook_2" name="termsPageOpen" time="2.534"/>
  <system-out/>
  <testcase classname="TestNG.TestNGClass_Facebook_2" name="cookiesPolicyPageOpen" time="5.741"/>
  <system-out/>
  <testcase classname="TestNG.TestNGClass_Facebook_2" name="termsPageOpen" time="6.634"/>
  <system-out/>
</testsuite> <!-- TestNG.TestNGClass_Facebook_2 -->
