<?xml version="1.0" encoding="UTF-8"?>
<!-- Generated by org.testng.reporters.JUnitReportReporter -->
<testsuite hostname="LAPTOP-5738PF4F" failures="0" tests="2" name="TestNG.TestNG_Login_Facebook" time="1.011" errors="0" timestamp="2023-02-17T23:35:05 IST" skipped="0">
  <testcase classname="TestNG.TestNG_Login_Facebook" name="termsPageOpen" time="0.715"/>
  <system-out/>
  <testcase classname="TestNG.TestNG_Login_Facebook" name="termsPageOpen" time="0.296"/>
  <system-out/>
</testsuite> <!-- TestNG.TestNG_Login_Facebook -->
