<?xml version="1.0" encoding="UTF-8"?>
<!-- Generated by org.testng.reporters.JUnitReportReporter -->
<testsuite hostname="LAPTOP-5738PF4F" failures="0" tests="2" name="TestNG.TestNGClass" time="0.008" errors="0" timestamp="2023-01-30T23:10:25 IST" skipped="0">
  <testcase classname="TestNG.TestNGClass" name="test2" time="0.001"/>
  <system-out/>
  <testcase classname="TestNG.TestNGClass" name="test1" time="0.007"/>
  <system-out/>
</testsuite> <!-- TestNG.TestNGClass -->
