<?xml version="1.0" encoding="UTF-8"?>
<!-- Generated by org.testng.reporters.JUnitReportReporter -->
<testsuite hostname="LAPTOP-5738PF4F" failures="0" tests="6" name="TestNG.TestNGClass_Facebook" time="15.263" errors="0" timestamp="2023-02-14T23:01:38 IST" skipped="0">
  <testcase classname="TestNG.TestNGClass_Facebook" name="termsPageOpen" time="0.189"/>
  <system-out/>
  <testcase classname="TestNG.TestNGClass_Facebook" name="termsPageOpen" time="0.127"/>
  <system-out/>
  <testcase classname="TestNG.TestNGClass_Facebook" name="cookiesPolicyPageOpen" time="4.377"/>
  <system-out/>
  <testcase classname="TestNG.TestNGClass_Facebook" name="cookiesPolicyPageOpen" time="4.955"/>
  <system-out/>
  <testcase classname="TestNG.TestNGClass_Facebook" name="privacyPolicyPageOpen" time="3.060"/>
  <system-out/>
  <testcase classname="TestNG.TestNGClass_Facebook" name="privacyPolicyPageOpen" time="2.555"/>
  <system-out/>
</testsuite> <!-- TestNG.TestNGClass_Facebook -->
