<?xml version="1.0" encoding="UTF-8"?>
<!-- Generated by org.testng.reporters.JUnitReportReporter -->
<testsuite hostname="LAPTOP-5738PF4F" failures="0" tests="8" name="TestNG.PracticeClass_2" time="0.013" errors="0" timestamp="2023-02-13T22:45:10 IST" skipped="0">
  <testcase classname="TestNG.PracticeClass_2" name="testA" time="0.002"/>
  <system-out/>
  <testcase classname="TestNG.PracticeClass_2" name="testB" time="0.003"/>
  <system-out/>
  <testcase classname="TestNG.PracticeClass_2" name="testD" time="0.000"/>
  <system-out/>
  <testcase classname="TestNG.PracticeClass_2" name="testC" time="0.002"/>
  <system-out/>
  <testcase classname="TestNG.PracticeClass_2" name="testA" time="0.001"/>
  <system-out/>
  <testcase classname="TestNG.PracticeClass_2" name="testB" time="0.004"/>
  <system-out/>
  <testcase classname="TestNG.PracticeClass_2" name="testC" time="0.000"/>
  <system-out/>
  <testcase classname="TestNG.PracticeClass_2" name="testD" time="0.001"/>
  <system-out/>
</testsuite> <!-- TestNG.PracticeClass_2 -->
